<?xml version="1.0" encoding="UTF-8"?>
<!-- Generated by org.testng.reporters.JUnitReportReporter -->
<testsuite hostname="Annam_Deepak" failures="0" tests="11" name="com.scart.testcases.TC04_FetchOrdersBasedOnGivenEmailTest" time="141.486" errors="0" timestamp="2024-10-24T16:22:36 IST" skipped="0">
  <testcase classname="com.scart.testcases.TC04_FetchOrdersBasedOnGivenEmailTest" name="sortOrdersListBasedonAscendingOrderOfDate" time="5.754"/>
  <testcase classname="com.scart.testcases.TC04_FetchOrdersBasedOnGivenEmailTest" name="sortOrdersListBasedonAscendingOrderOfDate" time="5.489"/>
  <testcase classname="com.scart.testcases.TC04_FetchOrdersBasedOnGivenEmailTest" name="getOrdersTableDataAndWriteIntoExcel" time="33.542"/>
  <testcase classname="com.scart.testcases.TC04_FetchOrdersBasedOnGivenEmailTest" name="getOrdersTableDataAndWriteIntoExcel" time="23.542"/>
  <testcase classname="com.scart.testcases.TC04_FetchOrdersBasedOnGivenEmailTest" name="verifyLogin" time="7.739"/>
  <testcase classname="com.scart.testcases.TC04_FetchOrdersBasedOnGivenEmailTest" name="verifyLogin" time="3.724"/>
  <testcase classname="com.scart.testcases.TC04_FetchOrdersBasedOnGivenEmailTest" name="filterOrdersListBasedOnEnteredEmail" time="10.734"/>
  <testcase classname="com.scart.testcases.TC04_FetchOrdersBasedOnGivenEmailTest" name="filterOrdersListBasedOnEnteredEmail" time="4.989"/>
  <testcase classname="com.scart.testcases.TC04_FetchOrdersBasedOnGivenEmailTest" name="filterOrdersListBasedOnEnteredEmail" time="6.937"/>
  <testcase classname="com.scart.testcases.TC04_FetchOrdersBasedOnGivenEmailTest" name="verifyLogin" time="5.890"/>
  <testcase classname="com.scart.testcases.TC04_FetchOrdersBasedOnGivenEmailTest" name="getOrdersTableDataAndWriteIntoExcel" time="33.146"/>
</testsuite> <!-- com.scart.testcases.TC04_FetchOrdersBasedOnGivenEmailTest -->
