<?xml version="1.0" encoding="UTF-8"?>
<!-- Generated by org.testng.reporters.JUnitReportReporter -->
<testsuite hostname="Annam_Deepak" failures="0" tests="9" name="com.scart.testcases.TC03_VerifyLinksInMenuSectionTest" time="66.746" errors="1" timestamp="2024-10-24T16:22:36 IST" skipped="0">
  <testcase classname="com.scart.testcases.TC03_VerifyLinksInMenuSectionTest" name="checkBrokenLinks" time="7.347"/>
  <testcase classname="com.scart.testcases.TC03_VerifyLinksInMenuSectionTest" name="checkBrokenLinks" time="17.236"/>
  <testcase classname="com.scart.testcases.TC03_VerifyLinksInMenuSectionTest" name="checkBrokenLinks" time="15.463"/>
  <testcase classname="com.scart.testcases.TC03_VerifyLinksInMenuSectionTest" name="verifyLogin" time="3.958"/>
  <testcase classname="com.scart.testcases.TC03_VerifyLinksInMenuSectionTest" name="verifyLogin" time="4.184"/>
  <testcase classname="com.scart.testcases.TC03_VerifyLinksInMenuSectionTest" name="verifyLogin" time="4.166"/>
  <testcase classname="com.scart.testcases.TC03_VerifyLinksInMenuSectionTest" name="verifySelectAllCheckboxFunctionality" time="5.035"/>
  <testcase classname="com.scart.testcases.TC03_VerifyLinksInMenuSectionTest" name="verifySelectAllCheckboxFunctionality" time="4.321"/>
  <testcase classname="com.scart.testcases.TC03_VerifyLinksInMenuSectionTest" name="verifySelectAllCheckboxFunctionality" time="5.036">
    <error type="java.util.ConcurrentModificationException">
      <![CDATA[java.util.ConcurrentModificationException
at java.base/java.util.HashMap.computeIfAbsent(HashMap.java:1229)
at com.scart.utilities.MyListener.recordTestResult(MyListener.java:194)
at com.scart.utilities.MyListener.onTestSuccess(MyListener.java:92)
at org.testng.internal.TestListenerHelper.runTestListeners(TestListenerHelper.java:119)
at org.testng.internal.invokers.TestInvoker.runTestResultListener(TestInvoker.java:285)
at org.testng.internal.invokers.TestInvoker.invokeMethod(TestInvoker.java:774)
at org.testng.internal.invokers.TestInvoker.invokeTestMethod(TestInvoker.java:230)
at org.testng.internal.invokers.MethodRunner.runInSequence(MethodRunner.java:63)
at org.testng.internal.invokers.TestInvoker$MethodInvocationAgent.invoke(TestInvoker.java:992)
at org.testng.internal.invokers.TestInvoker.invokeTestMethods(TestInvoker.java:203)
at org.testng.internal.invokers.TestMethodWorker.invokeTestMethods(TestMethodWorker.java:154)
at org.testng.internal.invokers.TestMethodWorker.run(TestMethodWorker.java:134)
at java.base/java.util.ArrayList.forEach(ArrayList.java:1597)
at org.testng.TestRunner.privateRun(TestRunner.java:739)
at org.testng.TestRunner.run(TestRunner.java:614)
at org.testng.SuiteRunner.runTest(SuiteRunner.java:421)
at org.testng.SuiteRunner$SuiteWorker.run(SuiteRunner.java:463)
at org.testng.internal.thread.ThreadUtil.lambda$execute$0(ThreadUtil.java:64)
at java.base/java.util.concurrent.FutureTask.run(FutureTask.java:317)
at java.base/java.util.concurrent.ThreadPoolExecutor.runWorker(ThreadPoolExecutor.java:1144)
at java.base/java.util.concurrent.ThreadPoolExecutor$Worker.run(ThreadPoolExecutor.java:642)
at java.base/java.lang.Thread.run(Thread.java:1570)
]]>
    </error>
  </testcase> <!-- verifySelectAllCheckboxFunctionality -->
</testsuite> <!-- com.scart.testcases.TC03_VerifyLinksInMenuSectionTest -->
